<?xml version="1.0" encoding="UTF-8"?>
<testng-results ignored="0" total="2" passed="2" failed="0" skipped="0">
  <reporter-output>
  </reporter-output>
  <suite started-at="2021-08-28T18:23:09 IST" name="Default suite" finished-at="2021-08-28T18:23:09 IST" duration-ms="121">
    <groups>
    </groups>
    <test started-at="2021-08-28T18:23:09 IST" name="Default test" finished-at="2021-08-28T18:23:09 IST" duration-ms="121">
      <class name="testNG.TestNGClass">
        <test-method is-config="true" signature="test1()[pri:0, instance:testNG.TestNGClass@5c909414]" started-at="2021-08-28T18:23:09 IST" name="test1" finished-at="2021-08-28T18:23:09 IST" duration-ms="25" status="PASS">
          <reporter-output>
          </reporter-output>
        </test-method> <!-- test1 -->
        <test-method signature="test2()[pri:0, instance:testNG.TestNGClass@5c909414]" started-at="2021-08-28T18:23:09 IST" name="test2" finished-at="2021-08-28T18:23:09 IST" duration-ms="10" status="PASS">
          <reporter-output>
          </reporter-output>
        </test-method> <!-- test2 -->
        <test-method signature="test3()[pri:0, instance:testNG.TestNGClass@5c909414]" started-at="2021-08-28T18:23:09 IST" name="test3" finished-at="2021-08-28T18:23:09 IST" duration-ms="2" status="PASS">
          <reporter-output>
          </reporter-output>
        </test-method> <!-- test3 -->
        <test-method is-config="true" signature="test4()[pri:0, instance:testNG.TestNGClass@5c909414]" started-at="2021-08-28T18:23:09 IST" name="test4" finished-at="2021-08-28T18:23:09 IST" duration-ms="1" status="PASS">
          <reporter-output>
          </reporter-output>
        </test-method> <!-- test4 -->
        <test-method is-config="true" signature="test()[pri:0, instance:testNG.TestNGClass@5c909414]" started-at="2021-08-28T18:23:09 IST" name="test" finished-at="2021-08-28T18:23:09 IST" duration-ms="0" status="PASS">
          <reporter-output>
          </reporter-output>
        </test-method> <!-- test -->
      </class> <!-- testNG.TestNGClass -->
    </test> <!-- Default test -->
  </suite> <!-- Default suite -->
</testng-results>
